2013/10/27 21:39:06 [info] [application] OK
2013/10/27 21:40:14 [info] [application] OK
2013/10/27 21:40:14 [info] [application] OK
2013/10/27 21:40:17 [info] [application] OK
2013/10/27 21:40:17 [info] [application] OK
2013/10/27 21:40:19 [info] [application] OK
2013/10/27 21:40:19 [info] [application] OK
2013/10/27 21:40:30 [info] [application] OK
2013/10/27 21:40:30 [info] [application] OK
2013/10/27 21:40:32 [info] [application] OK
2013/10/27 21:40:33 [info] [application] OK
2013/10/27 21:42:10 [info] [application] 
2013/10/27 21:42:15 [error] [php] Array to string conversion (/home/thewizard/web/blog/protected/controllers/PostController.php:84)
Stack trace:
#0 /home/thewizard/web/yii/framework/web/actions/CAction.php(108): ReflectionMethod->invokeArgs()
#1 /home/thewizard/web/yii/framework/web/actions/CInlineAction.php(47): CInlineAction->runWithParamsInternal()
#2 /home/thewizard/web/yii/framework/web/CController.php(308): CInlineAction->runWithParams()
#3 /home/thewizard/web/yii/framework/web/filters/CFilterChain.php(133): PostController->runAction()
#4 /home/thewizard/web/yii/framework/web/filters/CFilter.php(40): CFilterChain->run()
#5 /home/thewizard/web/yii/framework/web/CController.php(1145): CAccessControlFilter->filter()
#6 /home/thewizard/web/yii/framework/web/filters/CInlineFilter.php(58): PostController->filterAccessControl()
#7 /home/thewizard/web/yii/framework/web/filters/CFilterChain.php(130): CInlineFilter->filter()
#8 /home/thewizard/web/yii/framework/web/CController.php(291): CFilterChain->run()
#9 /home/thewizard/web/yii/framework/web/CController.php(265): PostController->runActionWithFilters()
#10 /home/thewizard/web/yii/framework/web/CWebApplication.php(282): PostController->run()
#11 /home/thewizard/web/yii/framework/web/CWebApplication.php(141): CWebApplication->runController()
#12 /home/thewizard/web/yii/framework/base/CApplication.php(180): CWebApplication->processRequest()
#13 /home/thewizard/web/blog/index.php(10): CWebApplication->run()
REQUEST_URI=/web/blog/post/3/update
2013/10/27 21:42:16 [error] [php] Array to string conversion (/home/thewizard/web/blog/protected/controllers/PostController.php:84)
Stack trace:
#0 /home/thewizard/web/yii/framework/web/actions/CAction.php(108): ReflectionMethod->invokeArgs()
#1 /home/thewizard/web/yii/framework/web/actions/CInlineAction.php(47): CInlineAction->runWithParamsInternal()
#2 /home/thewizard/web/yii/framework/web/CController.php(308): CInlineAction->runWithParams()
#3 /home/thewizard/web/yii/framework/web/filters/CFilterChain.php(133): PostController->runAction()
#4 /home/thewizard/web/yii/framework/web/filters/CFilter.php(40): CFilterChain->run()
#5 /home/thewizard/web/yii/framework/web/CController.php(1145): CAccessControlFilter->filter()
#6 /home/thewizard/web/yii/framework/web/filters/CInlineFilter.php(58): PostController->filterAccessControl()
#7 /home/thewizard/web/yii/framework/web/filters/CFilterChain.php(130): CInlineFilter->filter()
#8 /home/thewizard/web/yii/framework/web/CController.php(291): CFilterChain->run()
#9 /home/thewizard/web/yii/framework/web/CController.php(265): PostController->runActionWithFilters()
#10 /home/thewizard/web/yii/framework/web/CWebApplication.php(282): PostController->run()
#11 /home/thewizard/web/yii/framework/web/CWebApplication.php(141): CWebApplication->runController()
#12 /home/thewizard/web/yii/framework/base/CApplication.php(180): CWebApplication->processRequest()
#13 /home/thewizard/web/blog/index.php(10): CWebApplication->run()
REQUEST_URI=/web/blog/post/3/update
2013/10/27 21:42:51 [info] [application] OK
2013/10/27 21:42:53 [info] [application] OK2
2013/10/27 21:42:56 [info] [application] OK2
2013/10/27 21:42:58 [info] [application] OK2
2013/10/27 21:42:58 [info] [application] OK
2013/10/27 21:43:04 [info] [application] OK2
2013/10/27 21:43:08 [info] [application] OK2
2013/10/27 21:43:10 [info] [application] OK2
2013/10/27 21:43:10 [info] [application] OK
2013/10/27 21:45:05 [info] [application] OK
2013/10/27 21:45:05 [info] [application] OK
2013/10/27 21:45:08 [info] [application] OK
2013/10/27 21:45:08 [info] [application] OK
2013/10/27 21:57:12 [error] [exception.CHttpException.404] exception 'CHttpException' with message 'Системе не удалось найти запрашиваемое действие "post".' in /home/thewizard/web/yii/framework/web/CController.php:483
Stack trace:
#0 /home/thewizard/web/yii/framework/web/CController.php(270): CController->missingAction('post')
#1 /home/thewizard/web/yii/framework/web/CWebApplication.php(282): CController->run('post')
#2 /home/thewizard/web/yii/framework/web/CWebApplication.php(141): CWebApplication->runController('post/post/2/upd...')
#3 /home/thewizard/web/yii/framework/base/CApplication.php(180): CWebApplication->processRequest()
#4 /home/thewizard/web/blog/index.php(10): CApplication->run()
#5 {main}
REQUEST_URI=/web/blog/post/post/2/update?ajax=post_list
HTTP_REFERER=http://localhost/web/blog/post/control
---
2013/10/27 21:57:32 [error] [exception.CHttpException.404] exception 'CHttpException' with message 'Системе не удалось найти запрашиваемое действие "post".' in /home/thewizard/web/yii/framework/web/CController.php:483
Stack trace:
#0 /home/thewizard/web/yii/framework/web/CController.php(270): CController->missingAction('post')
#1 /home/thewizard/web/yii/framework/web/CWebApplication.php(282): CController->run('post')
#2 /home/thewizard/web/yii/framework/web/CWebApplication.php(141): CWebApplication->runController('post/post//upda...')
#3 /home/thewizard/web/yii/framework/base/CApplication.php(180): CWebApplication->processRequest()
#4 /home/thewizard/web/blog/index.php(10): CApplication->run()
#5 {main}
REQUEST_URI=/web/blog/post/post//update?ajax=post_list
HTTP_REFERER=http://localhost/web/blog/post/control
---
2013/10/29 01:28:23 [error] [exception.CException] exception 'CException' with message 'В классе CButtonColumn и его поведениях не найден метод или замыкание с именем "createUrl".' in /home/thewizard/web/yii/framework/base/CComponent.php:266
Stack trace:
#0 /home/thewizard/web/yii/framework/base/CComponent.php(612) : eval()'d code(1): CComponent->__call('createUrl', Array)
#1 /home/thewizard/web/yii/framework/base/CComponent.php(612) : eval()'d code(1): CButtonColumn->createUrl('post/update', Array)
#2 /home/thewizard/web/yii/framework/base/CComponent.php(612): eval()
#3 /home/thewizard/web/yii/framework/zii/widgets/grid/CButtonColumn.php(340): CComponent->evaluateExpression('$this->createUr...', Array)
#4 /home/thewizard/web/yii/framework/zii/widgets/grid/CButtonColumn.php(319): CButtonColumn->renderButton('publish', Array, 1, Object(Post))
#5 /home/thewizard/web/yii/framework/zii/widgets/grid/CGridColumn.php(151): CButtonColumn->renderDataCellContent(1, Object(Post))
#6 /home/thewizard/web/yii/framework/zii/widgets/grid/CGridView.php(616): CGridColumn->renderDataCell(1)
#7 /home/thewizard/web/yii/framework/zii/widgets/grid/CGridView.php(572): CGridView->renderTableRow(1)
#8 /home/thewizard/web/yii/framework/zii/widgets/grid/CGridView.php(482): CGridView->renderTableBody()
#9 /home/thewizard/web/yii/framework/zii/widgets/CBaseListView.php(167): CGridView->renderItems()
#10 [internal function]: CBaseListView->renderSection(Array)
#11 /home/thewizard/web/yii/framework/zii/widgets/CBaseListView.php(150): preg_replace_callback('/{(\w+)}/', Array, '{items} {pager}')
#12 /home/thewizard/web/yii/framework/zii/widgets/CBaseListView.php(135): CBaseListView->renderContent()
#13 /home/thewizard/web/yii/framework/web/CBaseController.php(173): CBaseListView->run()
#14 /home/thewizard/web/blog/protected/views/post/control.php(109): CBaseController->widget('zii.widgets.gri...', Array)
#15 /home/thewizard/web/yii/framework/web/CBaseController.php(126): require('/home/thewizard...')
#16 /home/thewizard/web/yii/framework/web/CBaseController.php(95): CBaseController->renderInternal('/home/thewizard...', Array, true)
#17 /home/thewizard/web/yii/framework/web/CController.php(869): CBaseController->renderFile('/home/thewizard...', Array, true)
#18 /home/thewizard/web/yii/framework/web/CController.php(782): CController->renderPartial('control', Array, true)
#19 /home/thewizard/web/blog/protected/controllers/PostController.php(57): CController->render('control', Array)
#20 /home/thewizard/web/yii/framework/web/actions/CInlineAction.php(49): PostController->actionControl()
#21 /home/thewizard/web/yii/framework/web/CController.php(308): CInlineAction->runWithParams(Array)
#22 /home/thewizard/web/yii/framework/web/filters/CFilterChain.php(133): CController->runAction(Object(CInlineAction))
#23 /home/thewizard/web/yii/framework/web/CController.php(291): CFilterChain->run()
#24 /home/thewizard/web/yii/framework/web/CController.php(265): CController->runActionWithFilters(Object(CInlineAction), Array)
#25 /home/thewizard/web/yii/framework/web/CWebApplication.php(282): CController->run('control')
#26 /home/thewizard/web/yii/framework/web/CWebApplication.php(141): CWebApplication->runController('post/control')
#27 /home/thewizard/web/yii/framework/base/CApplication.php(180): CWebApplication->processRequest()
#28 /home/thewizard/web/blog/index.php(10): CApplication->run()
#29 {main}
REQUEST_URI=/web/blog/post/control
HTTP_REFERER=http://localhost/web/blog/parameters
---
2013/10/29 01:55:43 [error] [exception.CException] exception 'CException' with message 'Не определено свойство "CDbCriteria.criteria".' in /home/thewizard/web/yii/framework/base/CComponent.php:173
Stack trace:
#0 /home/thewizard/web/yii/framework/db/schema/CDbCriteria.php(160): CComponent->__set('criteria', 'published = 1')
#1 /home/thewizard/web/blog/protected/controllers/PostController.php(38): CDbCriteria->__construct(Array)
#2 /home/thewizard/web/yii/framework/web/actions/CInlineAction.php(49): PostController->actionList()
#3 /home/thewizard/web/yii/framework/web/CController.php(308): CInlineAction->runWithParams(Array)
#4 /home/thewizard/web/yii/framework/web/filters/CFilterChain.php(133): CController->runAction(Object(CInlineAction))
#5 /home/thewizard/web/yii/framework/web/CController.php(291): CFilterChain->run()
#6 /home/thewizard/web/yii/framework/web/CController.php(265): CController->runActionWithFilters(Object(CInlineAction), Array)
#7 /home/thewizard/web/yii/framework/web/CWebApplication.php(282): CController->run('list')
#8 /home/thewizard/web/yii/framework/web/CWebApplication.php(141): CWebApplication->runController('post/list')
#9 /home/thewizard/web/yii/framework/base/CApplication.php(180): CWebApplication->processRequest()
#10 /home/thewizard/web/blog/index.php(10): CApplication->run()
#11 {main}
REQUEST_URI=/web/blog/posts
HTTP_REFERER=http://localhost/web/blog/post/control
---
2013/10/29 02:33:14 [error] [exception.CHttpException.404] exception 'CHttpException' with message 'Невозможно обработать запрос "assets/24aabe28/theme-monokai.js".' in /home/thewizard/web/yii/framework/web/CWebApplication.php:286
Stack trace:
#0 /home/thewizard/web/yii/framework/web/CWebApplication.php(141): CWebApplication->runController('assets/24aabe28...')
#1 /home/thewizard/web/yii/framework/base/CApplication.php(180): CWebApplication->processRequest()
#2 /home/thewizard/web/blog/index.php(10): CApplication->run()
#3 {main}
REQUEST_URI=/web/blog/assets/24aabe28/theme-monokai.js
HTTP_REFERER=http://localhost/web/blog/post/8/update
---
2013/10/29 02:33:14 [error] [exception.CHttpException.404] exception 'CHttpException' with message 'Невозможно обработать запрос "assets/24aabe28/mode-markdown.js".' in /home/thewizard/web/yii/framework/web/CWebApplication.php:286
Stack trace:
#0 /home/thewizard/web/yii/framework/web/CWebApplication.php(141): CWebApplication->runController('assets/24aabe28...')
#1 /home/thewizard/web/yii/framework/base/CApplication.php(180): CWebApplication->processRequest()
#2 /home/thewizard/web/blog/index.php(10): CApplication->run()
#3 {main}
REQUEST_URI=/web/blog/assets/24aabe28/mode-markdown.js
HTTP_REFERER=http://localhost/web/blog/post/8/update
---
2013/10/29 02:36:42 [error] [exception.CHttpException.404] exception 'CHttpException' with message 'Невозможно обработать запрос "assets/24aabe28/theme-monokai.js".' in /home/thewizard/web/yii/framework/web/CWebApplication.php:286
Stack trace:
#0 /home/thewizard/web/yii/framework/web/CWebApplication.php(141): CWebApplication->runController('assets/24aabe28...')
#1 /home/thewizard/web/yii/framework/base/CApplication.php(180): CWebApplication->processRequest()
#2 /home/thewizard/web/blog/index.php(10): CApplication->run()
#3 {main}
REQUEST_URI=/web/blog/assets/24aabe28/theme-monokai.js
HTTP_REFERER=http://localhost/web/blog/post/8/update
---
2013/10/29 02:36:42 [error] [exception.CHttpException.404] exception 'CHttpException' with message 'Невозможно обработать запрос "assets/24aabe28/mode-markdown.js".' in /home/thewizard/web/yii/framework/web/CWebApplication.php:286
Stack trace:
#0 /home/thewizard/web/yii/framework/web/CWebApplication.php(141): CWebApplication->runController('assets/24aabe28...')
#1 /home/thewizard/web/yii/framework/base/CApplication.php(180): CWebApplication->processRequest()
#2 /home/thewizard/web/blog/index.php(10): CApplication->run()
#3 {main}
REQUEST_URI=/web/blog/assets/24aabe28/mode-markdown.js
HTTP_REFERER=http://localhost/web/blog/post/8/update
---
2013/10/29 02:40:51 [error] [exception.CHttpException.404] exception 'CHttpException' with message 'Невозможно обработать запрос "assets/24aabe28/theme-monokai.js".' in /home/thewizard/web/yii/framework/web/CWebApplication.php:286
Stack trace:
#0 /home/thewizard/web/yii/framework/web/CWebApplication.php(141): CWebApplication->runController('assets/24aabe28...')
#1 /home/thewizard/web/yii/framework/base/CApplication.php(180): CWebApplication->processRequest()
#2 /home/thewizard/web/blog/index.php(10): CApplication->run()
#3 {main}
REQUEST_URI=/web/blog/assets/24aabe28/theme-monokai.js
HTTP_REFERER=http://localhost/web/blog/post/8/update
---
2013/10/29 02:40:51 [error] [exception.CHttpException.404] exception 'CHttpException' with message 'Невозможно обработать запрос "assets/24aabe28/mode-markdown.js".' in /home/thewizard/web/yii/framework/web/CWebApplication.php:286
Stack trace:
#0 /home/thewizard/web/yii/framework/web/CWebApplication.php(141): CWebApplication->runController('assets/24aabe28...')
#1 /home/thewizard/web/yii/framework/base/CApplication.php(180): CWebApplication->processRequest()
#2 /home/thewizard/web/blog/index.php(10): CApplication->run()
#3 {main}
REQUEST_URI=/web/blog/assets/24aabe28/mode-markdown.js
HTTP_REFERER=http://localhost/web/blog/post/8/update
---
2013/10/29 02:41:19 [error] [exception.CHttpException.404] exception 'CHttpException' with message 'Невозможно обработать запрос "assets/24aabe28/theme-monokai.js".' in /home/thewizard/web/yii/framework/web/CWebApplication.php:286
Stack trace:
#0 /home/thewizard/web/yii/framework/web/CWebApplication.php(141): CWebApplication->runController('assets/24aabe28...')
#1 /home/thewizard/web/yii/framework/base/CApplication.php(180): CWebApplication->processRequest()
#2 /home/thewizard/web/blog/index.php(10): CApplication->run()
#3 {main}
REQUEST_URI=/web/blog/assets/24aabe28/theme-monokai.js
HTTP_REFERER=http://localhost/web/blog/post/8/update
---
2013/10/29 02:41:19 [error] [exception.CHttpException.404] exception 'CHttpException' with message 'Невозможно обработать запрос "assets/24aabe28/mode-markdown.js".' in /home/thewizard/web/yii/framework/web/CWebApplication.php:286
Stack trace:
#0 /home/thewizard/web/yii/framework/web/CWebApplication.php(141): CWebApplication->runController('assets/24aabe28...')
#1 /home/thewizard/web/yii/framework/base/CApplication.php(180): CWebApplication->processRequest()
#2 /home/thewizard/web/blog/index.php(10): CApplication->run()
#3 {main}
REQUEST_URI=/web/blog/assets/24aabe28/mode-markdown.js
HTTP_REFERER=http://localhost/web/blog/post/8/update
---
2013/10/29 02:41:21 [error] [exception.CHttpException.404] exception 'CHttpException' with message 'Невозможно обработать запрос "assets/24aabe28/mode-markdown.js".' in /home/thewizard/web/yii/framework/web/CWebApplication.php:286
Stack trace:
#0 /home/thewizard/web/yii/framework/web/CWebApplication.php(141): CWebApplication->runController('assets/24aabe28...')
#1 /home/thewizard/web/yii/framework/base/CApplication.php(180): CWebApplication->processRequest()
#2 /home/thewizard/web/blog/index.php(10): CApplication->run()
#3 {main}
REQUEST_URI=/web/blog/assets/24aabe28/mode-markdown.js
HTTP_REFERER=http://localhost/web/blog/post/8/update
---
2013/10/29 02:41:21 [error] [exception.CHttpException.404] exception 'CHttpException' with message 'Невозможно обработать запрос "assets/24aabe28/theme-monokai.js".' in /home/thewizard/web/yii/framework/web/CWebApplication.php:286
Stack trace:
#0 /home/thewizard/web/yii/framework/web/CWebApplication.php(141): CWebApplication->runController('assets/24aabe28...')
#1 /home/thewizard/web/yii/framework/base/CApplication.php(180): CWebApplication->processRequest()
#2 /home/thewizard/web/blog/index.php(10): CApplication->run()
#3 {main}
REQUEST_URI=/web/blog/assets/24aabe28/theme-monokai.js
HTTP_REFERER=http://localhost/web/blog/post/8/update
---
2013/10/29 02:41:29 [error] [exception.CHttpException.404] exception 'CHttpException' with message 'Невозможно обработать запрос "assets/24aabe28/theme-monokai.js".' in /home/thewizard/web/yii/framework/web/CWebApplication.php:286
Stack trace:
#0 /home/thewizard/web/yii/framework/web/CWebApplication.php(141): CWebApplication->runController('assets/24aabe28...')
#1 /home/thewizard/web/yii/framework/base/CApplication.php(180): CWebApplication->processRequest()
#2 /home/thewizard/web/blog/index.php(10): CApplication->run()
#3 {main}
REQUEST_URI=/web/blog/assets/24aabe28/theme-monokai.js
HTTP_REFERER=http://localhost/web/blog/post/8/update
---
2013/10/29 02:41:29 [error] [exception.CHttpException.404] exception 'CHttpException' with message 'Невозможно обработать запрос "assets/24aabe28/mode-markdown.js".' in /home/thewizard/web/yii/framework/web/CWebApplication.php:286
Stack trace:
#0 /home/thewizard/web/yii/framework/web/CWebApplication.php(141): CWebApplication->runController('assets/24aabe28...')
#1 /home/thewizard/web/yii/framework/base/CApplication.php(180): CWebApplication->processRequest()
#2 /home/thewizard/web/blog/index.php(10): CApplication->run()
#3 {main}
REQUEST_URI=/web/blog/assets/24aabe28/mode-markdown.js
HTTP_REFERER=http://localhost/web/blog/post/8/update
---
2013/10/29 02:41:54 [error] [exception.CHttpException.404] exception 'CHttpException' with message 'Невозможно обработать запрос "assets/24aabe28/mode-markdown.js".' in /home/thewizard/web/yii/framework/web/CWebApplication.php:286
Stack trace:
#0 /home/thewizard/web/yii/framework/web/CWebApplication.php(141): CWebApplication->runController('assets/24aabe28...')
#1 /home/thewizard/web/yii/framework/base/CApplication.php(180): CWebApplication->processRequest()
#2 /home/thewizard/web/blog/index.php(10): CApplication->run()
#3 {main}
REQUEST_URI=/web/blog/assets/24aabe28/mode-markdown.js
HTTP_REFERER=http://localhost/web/blog/post/8/update
---
2013/10/29 02:41:54 [error] [exception.CHttpException.404] exception 'CHttpException' with message 'Невозможно обработать запрос "assets/24aabe28/theme-monokai.js".' in /home/thewizard/web/yii/framework/web/CWebApplication.php:286
Stack trace:
#0 /home/thewizard/web/yii/framework/web/CWebApplication.php(141): CWebApplication->runController('assets/24aabe28...')
#1 /home/thewizard/web/yii/framework/base/CApplication.php(180): CWebApplication->processRequest()
#2 /home/thewizard/web/blog/index.php(10): CApplication->run()
#3 {main}
REQUEST_URI=/web/blog/assets/24aabe28/theme-monokai.js
HTTP_REFERER=http://localhost/web/blog/post/8/update
---
2013/10/29 03:21:39 [error] [exception.CHttpException.404] exception 'CHttpException' with message 'Невозможно обработать запрос "assets/ea259356/mode-markdown.js".' in /home/thewizard/web/yii/framework/web/CWebApplication.php:286
Stack trace:
#0 /home/thewizard/web/yii/framework/web/CWebApplication.php(141): CWebApplication->runController('assets/ea259356...')
#1 /home/thewizard/web/yii/framework/base/CApplication.php(180): CWebApplication->processRequest()
#2 /home/thewizard/web/blog/index.php(10): CApplication->run()
#3 {main}
REQUEST_URI=/web/blog/assets/ea259356/mode-markdown.js
HTTP_REFERER=http://localhost/web/blog/post/8/update
---
2013/10/29 03:21:39 [error] [exception.CHttpException.404] exception 'CHttpException' with message 'Невозможно обработать запрос "assets/ea259356/theme-monokai.js".' in /home/thewizard/web/yii/framework/web/CWebApplication.php:286
Stack trace:
#0 /home/thewizard/web/yii/framework/web/CWebApplication.php(141): CWebApplication->runController('assets/ea259356...')
#1 /home/thewizard/web/yii/framework/base/CApplication.php(180): CWebApplication->processRequest()
#2 /home/thewizard/web/blog/index.php(10): CApplication->run()
#3 {main}
REQUEST_URI=/web/blog/assets/ea259356/theme-monokai.js
HTTP_REFERER=http://localhost/web/blog/post/8/update
---
2013/10/29 03:23:46 [error] [exception.CHttpException.404] exception 'CHttpException' with message 'Невозможно обработать запрос "assets/ea259356/theme-monokai.js".' in /home/thewizard/web/yii/framework/web/CWebApplication.php:286
Stack trace:
#0 /home/thewizard/web/yii/framework/web/CWebApplication.php(141): CWebApplication->runController('assets/ea259356...')
#1 /home/thewizard/web/yii/framework/base/CApplication.php(180): CWebApplication->processRequest()
#2 /home/thewizard/web/blog/index.php(10): CApplication->run()
#3 {main}
REQUEST_URI=/web/blog/assets/ea259356/theme-monokai.js
HTTP_REFERER=http://localhost/web/blog/post/8/update
---
2013/10/29 03:23:46 [error] [exception.CHttpException.404] exception 'CHttpException' with message 'Невозможно обработать запрос "assets/ea259356/mode-markdown.js".' in /home/thewizard/web/yii/framework/web/CWebApplication.php:286
Stack trace:
#0 /home/thewizard/web/yii/framework/web/CWebApplication.php(141): CWebApplication->runController('assets/ea259356...')
#1 /home/thewizard/web/yii/framework/base/CApplication.php(180): CWebApplication->processRequest()
#2 /home/thewizard/web/blog/index.php(10): CApplication->run()
#3 {main}
REQUEST_URI=/web/blog/assets/ea259356/mode-markdown.js
HTTP_REFERER=http://localhost/web/blog/post/8/update
---
2013/10/29 04:01:51 [error] [php] scandir(/home/thewizard/web/blog/protected/controllers/../backups): failed to open dir: No such file or directory (/home/thewizard/web/blog/protected/controllers/BackupController.php:31)
Stack trace:
#0 /home/thewizard/web/yii/framework/web/CController.php(308): CInlineAction->runWithParams()
#1 /home/thewizard/web/yii/framework/web/filters/CFilterChain.php(133): BackupController->runAction()
#2 /home/thewizard/web/yii/framework/web/filters/CFilter.php(40): CFilterChain->run()
#3 /home/thewizard/web/yii/framework/web/CController.php(1145): CAccessControlFilter->filter()
#4 /home/thewizard/web/yii/framework/web/filters/CInlineFilter.php(58): BackupController->filterAccessControl()
#5 /home/thewizard/web/yii/framework/web/filters/CFilterChain.php(130): CInlineFilter->filter()
#6 /home/thewizard/web/yii/framework/web/CController.php(291): CFilterChain->run()
#7 /home/thewizard/web/yii/framework/web/CController.php(265): BackupController->runActionWithFilters()
#8 /home/thewizard/web/yii/framework/web/CWebApplication.php(282): BackupController->run()
#9 /home/thewizard/web/yii/framework/web/CWebApplication.php(141): CWebApplication->runController()
#10 /home/thewizard/web/yii/framework/base/CApplication.php(180): CWebApplication->processRequest()
#11 /home/thewizard/web/blog/index.php(10): CWebApplication->run()
REQUEST_URI=/web/blog/backups
2013/10/29 04:03:10 [error] [exception.CException] exception 'CException' with message 'Не определено свойство "Parameters.versions_of_backups".' in /home/thewizard/web/yii/framework/base/CComponent.php:130
Stack trace:
#0 /home/thewizard/web/yii/framework/db/ar/CActiveRecord.php(145): CComponent->__get('versions_of_bac...')
#1 /home/thewizard/web/blog/protected/views/backup/list.php(46): CActiveRecord->__get('versions_of_bac...')
#2 /home/thewizard/web/yii/framework/web/CBaseController.php(126): require('/home/thewizard...')
#3 /home/thewizard/web/yii/framework/web/CBaseController.php(95): CBaseController->renderInternal('/home/thewizard...', Array, true)
#4 /home/thewizard/web/yii/framework/web/CController.php(869): CBaseController->renderFile('/home/thewizard...', Array, true)
#5 /home/thewizard/web/yii/framework/web/CController.php(782): CController->renderPartial('list', Array, true)
#6 /home/thewizard/web/blog/protected/controllers/BackupController.php(98): CController->render('list', Array)
#7 /home/thewizard/web/yii/framework/web/actions/CInlineAction.php(49): BackupController->actionList()
#8 /home/thewizard/web/yii/framework/web/CController.php(308): CInlineAction->runWithParams(Array)
#9 /home/thewizard/web/yii/framework/web/filters/CFilterChain.php(133): CController->runAction(Object(CInlineAction))
#10 /home/thewizard/web/yii/framework/web/filters/CFilter.php(40): CFilterChain->run()
#11 /home/thewizard/web/yii/framework/web/CController.php(1145): CFilter->filter(Object(CFilterChain))
#12 /home/thewizard/web/yii/framework/web/filters/CInlineFilter.php(58): CController->filterAccessControl(Object(CFilterChain))
#13 /home/thewizard/web/yii/framework/web/filters/CFilterChain.php(130): CInlineFilter->filter(Object(CFilterChain))
#14 /home/thewizard/web/yii/framework/web/CController.php(291): CFilterChain->run()
#15 /home/thewizard/web/yii/framework/web/CController.php(265): CController->runActionWithFilters(Object(CInlineAction), Array)
#16 /home/thewizard/web/yii/framework/web/CWebApplication.php(282): CController->run('list')
#17 /home/thewizard/web/yii/framework/web/CWebApplication.php(141): CWebApplication->runController('backup/list')
#18 /home/thewizard/web/yii/framework/base/CApplication.php(180): CWebApplication->processRequest()
#19 /home/thewizard/web/blog/index.php(10): CApplication->run()
#20 {main}
REQUEST_URI=/web/blog/backups
HTTP_REFERER=http://localhost/web/blog/backups
---
2013/10/29 04:08:11 [error] [exception.CException] exception 'CException' with message 'Не определено свойство "Parameters.versions_of_backups".' in /home/thewizard/web/yii/framework/base/CComponent.php:130
Stack trace:
#0 /home/thewizard/web/yii/framework/db/ar/CActiveRecord.php(145): CComponent->__get('versions_of_bac...')
#1 /home/thewizard/web/blog/protected/models/ParametersForm.php(12): CActiveRecord->__get('versions_of_bac...')
#2 /home/thewizard/web/blog/protected/controllers/ParametersController.php(28): ParametersForm->__construct()
#3 /home/thewizard/web/yii/framework/web/actions/CInlineAction.php(49): ParametersController->actionUpdate()
#4 /home/thewizard/web/yii/framework/web/CController.php(308): CInlineAction->runWithParams(Array)
#5 /home/thewizard/web/yii/framework/web/filters/CFilterChain.php(133): CController->runAction(Object(CInlineAction))
#6 /home/thewizard/web/yii/framework/web/filters/CFilter.php(40): CFilterChain->run()
#7 /home/thewizard/web/yii/framework/web/CController.php(1145): CFilter->filter(Object(CFilterChain))
#8 /home/thewizard/web/yii/framework/web/filters/CInlineFilter.php(58): CController->filterAccessControl(Object(CFilterChain))
#9 /home/thewizard/web/yii/framework/web/filters/CFilterChain.php(130): CInlineFilter->filter(Object(CFilterChain))
#10 /home/thewizard/web/yii/framework/web/CController.php(291): CFilterChain->run()
#11 /home/thewizard/web/yii/framework/web/CController.php(265): CController->runActionWithFilters(Object(CInlineAction), Array)
#12 /home/thewizard/web/yii/framework/web/CWebApplication.php(282): CController->run('update')
#13 /home/thewizard/web/yii/framework/web/CWebApplication.php(141): CWebApplication->runController('parameters/upda...')
#14 /home/thewizard/web/yii/framework/base/CApplication.php(180): CWebApplication->processRequest()
#15 /home/thewizard/web/blog/index.php(10): CApplication->run()
#16 {main}
REQUEST_URI=/web/blog/parameters
HTTP_REFERER=http://localhost/web/blog/backups
---
2013/10/29 04:08:15 [error] [exception.CException] exception 'CException' with message 'Не определено свойство "Parameters.versions_of_backups".' in /home/thewizard/web/yii/framework/base/CComponent.php:130
Stack trace:
#0 /home/thewizard/web/yii/framework/db/ar/CActiveRecord.php(145): CComponent->__get('versions_of_bac...')
#1 /home/thewizard/web/blog/protected/models/ParametersForm.php(12): CActiveRecord->__get('versions_of_bac...')
#2 /home/thewizard/web/blog/protected/controllers/ParametersController.php(28): ParametersForm->__construct()
#3 /home/thewizard/web/yii/framework/web/actions/CInlineAction.php(49): ParametersController->actionUpdate()
#4 /home/thewizard/web/yii/framework/web/CController.php(308): CInlineAction->runWithParams(Array)
#5 /home/thewizard/web/yii/framework/web/filters/CFilterChain.php(133): CController->runAction(Object(CInlineAction))
#6 /home/thewizard/web/yii/framework/web/filters/CFilter.php(40): CFilterChain->run()
#7 /home/thewizard/web/yii/framework/web/CController.php(1145): CFilter->filter(Object(CFilterChain))
#8 /home/thewizard/web/yii/framework/web/filters/CInlineFilter.php(58): CController->filterAccessControl(Object(CFilterChain))
#9 /home/thewizard/web/yii/framework/web/filters/CFilterChain.php(130): CInlineFilter->filter(Object(CFilterChain))
#10 /home/thewizard/web/yii/framework/web/CController.php(291): CFilterChain->run()
#11 /home/thewizard/web/yii/framework/web/CController.php(265): CController->runActionWithFilters(Object(CInlineAction), Array)
#12 /home/thewizard/web/yii/framework/web/CWebApplication.php(282): CController->run('update')
#13 /home/thewizard/web/yii/framework/web/CWebApplication.php(141): CWebApplication->runController('parameters/upda...')
#14 /home/thewizard/web/yii/framework/base/CApplication.php(180): CWebApplication->processRequest()
#15 /home/thewizard/web/blog/index.php(10): CApplication->run()
#16 {main}
REQUEST_URI=/web/blog/parameters
HTTP_REFERER=http://localhost/web/blog/backups
---
2013/10/29 04:12:28 [info] [application] backup/list
2013/10/29 04:14:08 [info] [backups] Длительность создания последнего бекапа: 00:00.
2013/10/29 04:14:41 [info] [backups] Длительность создания последнего бекапа: 00:00.
